Scenario - NatMEG_Auditory
Logfile written - 09/25/2024 14:02:13

Subject	Trial	Event Type	Code	Time	TTime	Uncertainty	Duration	Uncertainty	ReqTime	ReqDur	Stim Type	Pair Index

1186	2	Response	11	265159	249659	1
1186	3	Port Input 1	1	327175	61934	1
1186	3	Response	12	327175	61934	1
1186	3	Port Input 1	1	431644	166403	1
1186	3	Response	12	431644	166403	1
1186	5	Response	11	552515	42117	1
1186	6	Port Input 1	1	602805	50158	1
1186	6	Response	12	602805	50158	1
1186	6	Port Input 1	1	789074	236427	1
1186	6	Response	12	789074	236427	1
1186	7	Response	11	1017149	219345	1
1186	9	Response	11	1094268	71972	1
1186	10	Port Input 1	1	1170875	76582	1
1186	10	Response	12	1170875	76582	1
1186	10	Port Input 1	1	1236256	141962	1
1186	10	Response	12	1236256	141962	1
1186	10	Port Input 1	1	1431609	337315	1
1186	10	Response	12	1431609	337315	1
1186	10	Port Input 1	1	1756149	661855	1
1186	10	Response	12	1756149	661855	1
1186	10	Port Input 1	1	1834731	740437	1
1186	10	Response	12	1834731	740437	1
1186	10	Port Input 1	1	1979187	884893	1
1186	10	Response	12	1979187	884893	1
1186	10	Port Input 1	1	2031316	937023	1
1186	10	Response	12	2031316	937023	1
1186	10	Port Input 1	1	2266715	1172421	1
1186	10	Response	12	2266715	1172421	1
1186	10	Port Input 1	1	2344803	1250509	1
1186	10	Response	12	2344803	1250509	1
1186	10	Port Input 1	1	2397349	1303056	1
1186	10	Response	12	2397349	1303056	1
1186	10	Port Input 1	1	2696843	1602549	1
1186	10	Response	12	2696843	1602549	1
1186	10	Port Input 1	1	2828359	1734065	1
1186	10	Response	12	2828359	1734065	1
1186	10	Port Input 1	1	2958954	1864660	1
1186	10	Response	12	2958954	1864660	1
1186	10	Port Input 1	1	3062623	1968329	1
1186	10	Response	12	3062623	1968329	1
1186	10	Port Input 1	1	3142232	2047938	1
1186	10	Response	12	3142232	2047938	1
1186	10	Port Input 1	1	3412060	2317767	1
1186	10	Response	12	3412060	2317767	1
1186	10	Port Input 1	1	3467123	2372829	1
1186	10	Response	12	3467123	2372829	1
1186	10	Port Input 1	1	3595319	2501025	1
1186	10	Response	12	3595319	2501025	1
1186	10	Port Input 1	1	3649963	2555669	1
1186	10	Response	12	3649963	2555669	1
1186	10	Port Input 1	1	3857921	2763627	1
1186	10	Response	12	3857921	2763627	1
1186	10	Port Input 1	1	4079527	2985233	1
1186	10	Response	12	4079527	2985233	1
1186	10	Port Input 1	1	4131570	3037276	1
1186	10	Response	12	4131570	3037276	1
1186	10	Port Input 1	1	4198315	3104021	1
1186	10	Response	12	4198315	3104021	1
1186	10	Port Input 1	1	4328159	3233865	1
1186	10	Response	12	4328159	3233865	1
1186	10	Port Input 1	1	4679606	3585312	1
1186	10	Response	12	4679606	3585312	1
1186	10	Port Input 1	1	4744615	3650321	1
1186	10	Response	12	4744615	3650321	1
1186	10	Port Input 1	1	4799390	3705097	1
1186	10	Response	12	4799390	3705097	1
1186	10	Port Input 1	1	4862021	3767728	1
1186	10	Response	12	4862021	3767728	1
1186	10	Port Input 1	1	4926819	3832525	1
1186	10	Response	12	4926819	3832525	1
1186	11	Response	11	5134217	117899	1
1186	13	Response	11	5243415	103935	1
1186	14	Port Input 1	1	5346082	102605	1
1186	14	Response	12	5346082	102605	1
1186	14	Port Input 1	1	5552813	309337	1
1186	14	Response	12	5552813	309337	1
1186	14	Port Input 1	1	5619188	375712	1
1186	14	Response	12	5619188	375712	1
1186	14	Port Input 1	1	5671775	428299	1
1186	14	Response	12	5671775	428299	1
1186	14	Port Input 1	1	5750761	507285	1
1186	14	Response	12	5750761	507285	1
1186	14	Port Input 1	1	5934230	690753	1
1186	14	Response	12	5934230	690753	1
1186	14	Port Input 1	1	5984243	740767	1
1186	14	Response	12	5984243	740767	1
1186	14	Port Input 1	1	6167406	923930	1
1186	14	Response	12	6167406	923930	1
1186	14	Port Input 1	1	6247918	1004441	1
1186	14	Response	12	6247918	1004441	1
1186	14	Port Input 1	1	6376827	1133351	1
1186	14	Response	12	6376827	1133351	1
1186	14	Port Input 1	1	6519282	1275806	1
1186	14	Response	12	6519282	1275806	1
1186	14	Port Input 1	1	6601347	1357870	1
1186	14	Response	12	6601347	1357870	1
1186	14	Port Input 1	1	6675562	1432086	1
1186	14	Response	12	6675562	1432086	1
1186	14	Port Input 1	1	6740578	1497102	1
1186	14	Response	12	6740578	1497102	1
1186	14	Port Input 1	1	6792130	1548654	1
1186	14	Response	12	6792130	1548654	1
1186	14	Port Input 1	1	6843499	1600023	1
1186	14	Response	12	6843499	1600023	1
1186	14	Port Input 1	1	6987087	1743611	1
1186	14	Response	12	6987087	1743611	1
1186	14	Port Input 1	1	7040566	1797090	1
1186	14	Response	12	7040566	1797090	1
1186	14	Port Input 1	1	7107409	1863933	1
1186	14	Response	12	7107409	1863933	1
1186	14	Port Input 1	1	7340142	2096666	1
1186	14	Response	12	7340142	2096666	1
1186	14	Port Input 1	1	7614008	2370532	1
1186	14	Response	12	7614008	2370532	1
1186	14	Port Input 1	1	8008333	2764857	1
1186	14	Response	12	8008333	2764857	1
1186	14	Port Input 1	1	8059208	2815732	1
1186	14	Response	12	8059208	2815732	1
1186	14	Port Input 1	1	8618625	3375149	1
1186	14	Response	12	8618625	3375149	1
1186	14	Port Input 1	1	8747637	3504161	1
1186	14	Response	12	8747637	3504161	1
1186	14	Port Input 1	1	8799489	3556013	1
1186	14	Response	12	8799489	3556013	1
1186	14	Port Input 1	1	8865011	3621535	1
1186	14	Response	12	8865011	3621535	1
1186	14	Port Input 1	1	8944224	3700748	1
1186	14	Response	12	8944224	3700748	1
1186	14	Port Input 1	1	9020876	3777399	1
1186	14	Response	12	9020876	3777399	1
1186	14	Port Input 1	1	9151499	3908023	1
1186	14	Response	12	9151499	3908023	1
1186	15	Quit		9221604	56437	NA


Event Type	Code	Type	Response	RT	RT Uncertainty	Time	Uncertainty	Duration	Uncertainty	ReqTime	ReqDur

